<?xml version="1.0" encoding="UTF-8"?>
<!-- Generated by org.testng.reporters.JUnitXMLReporter -->
<testsuite ignored="0" hostname="purpose" failures="0" tests="1" name="Test1" time="9.317" errors="0" timestamp="2023-05-20T15:26:04 PKT">
  <testcase classname="Demo.TestNGMultiBrowserDemo" name="@BeforeTest setup" time="9.233">
    <failure type="java.lang.IllegalStateException" message="The driver executable must exist: C:\Users\UsamaButt\eclipse-workspace\SeleniunFrameWork\drivers\MicroSoftEdgeDriver\msedgedriver.exe">
      <![CDATA[java.lang.IllegalStateException: The driver executable must exist: C:\Users\UsamaButt\eclipse-workspace\SeleniunFrameWork\drivers\MicroSoftEdgeDriver\msedgedriver.exe
at org.openqa.selenium.internal.Require$FileStateChecker.isFile(Require.java:345)
at org.openqa.selenium.remote.service.DriverFinder.getPath(DriverFinder.java:39)
at org.openqa.selenium.edge.EdgeDriver.generateExecutor(EdgeDriver.java:70)
at org.openqa.selenium.edge.EdgeDriver.<init>(EdgeDriver.java:60)
at org.openqa.selenium.edge.EdgeDriver.<init>(EdgeDriver.java:56)
at org.openqa.selenium.edge.EdgeDriver.<init>(EdgeDriver.java:48)
at org.openqa.selenium.edge.EdgeDriver.<init>(EdgeDriver.java:44)
at Demo.TestNGMultiBrowserDemo.setup(TestNGMultiBrowserDemo.java:34)
... Removed 24 stack frames]]>
    </failure>
  </testcase> <!-- @BeforeTest setup -->
  <testcase classname="Demo.TestNGMultiBrowserDemo" name="@AfterTest teardown" time="0.0">
    <skipped/>
  </testcase> <!-- @AfterTest teardown -->
  <testcase classname="Demo.TestNGMultiBrowserDemo" name="Test" time="0.0">
    <skipped/>
  </testcase> <!-- Test -->
</testsuite> <!-- Test1 -->
